INFO:root:   PassengerId  Survived  Pclass   
0            1         0       3  \
1            2         1       1   
2            3         1       3   
3            4         1       1   
4            5         0       3   

                                                Name     Sex   Age  SibSp   
0                            Braund, Mr. Owen Harris    male  22.0      1  \
1  Cumings, Mrs. John Bradley (Florence Briggs Th...  female  38.0      1   
2                             Heikkinen, Miss. Laina  female  26.0      0   
3       Futrelle, Mrs. Jacques Heath (Lily May Peel)  female  35.0      1   
4                           Allen, Mr. William Henry    male  35.0      0   

   Parch            Ticket     Fare Cabin Embarked  
0      0         A/5 21171   7.2500   NaN        S  
1      0          PC 17599  71.2833   C85        C  
2      0  STON/O2. 3101282   7.9250   NaN        S  
3      0            113803  53.1000  C123        S  
4      0            373450   8.0500   NaN        S  
INFO:root:None
INFO:root:       PassengerId    Survived      Pclass         Age       SibSp   
count   891.000000  891.000000  891.000000  714.000000  891.000000  \
mean    446.000000    0.383838    2.308642   29.699118    0.523008   
std     257.353842    0.486592    0.836071   14.526497    1.102743   
min       1.000000    0.000000    1.000000    0.420000    0.000000   
25%     223.500000    0.000000    2.000000   20.125000    0.000000   
50%     446.000000    0.000000    3.000000   28.000000    0.000000   
75%     668.500000    1.000000    3.000000   38.000000    1.000000   
max     891.000000    1.000000    3.000000   80.000000    8.000000   

            Parch        Fare  
count  891.000000  891.000000  
mean     0.381594   32.204208  
std      0.806057   49.693429  
min      0.000000    0.000000  
25%      0.000000    7.910400  
50%      0.000000   14.454200  
75%      0.000000   31.000000  
max      6.000000  512.329200  
INFO:root:AxesSubplot(0.125,0.11;0.775x0.77)
INFO:root:{(0.42, 8.5167): [803], (0.67, 14.5): [755], (0.75, 19.2583): [469, 644], (0.83, 18.75): [831], (0.83, 29.0): [78], (0.92, 151.55): [305], (1.0, 11.1333): [172], (1.0, 15.7417): [381], (1.0, 20.575): [788], (1.0, 37.0042): [827], (1.0, 39.0): [183], (1.0, 39.6875): [164], (1.0, 46.9): [386], (2.0, 10.4625): [205], (2.0, 12.2875): [479], (2.0, 21.075): [7], (2.0, 26.0): [340, 530], (nan, 7.7333): [629, 697], (2.0, 27.9): [642], (2.0, 29.125): [16], (2.0, 31.275): [119], (2.0, 39.6875): [824], (2.0, 151.55): [297], (3.0, 15.9): [348], (3.0, 18.75): [407], (3.0, 21.075): [374], (3.0, 26.0): [193], (3.0, 31.3875): [261], (3.0, 41.5792): [43], (4.0, 11.1333): [869], (4.0, 13.4167): [691], (4.0, 16.7): [10], (4.0, 22.025): [184], (4.0, 23.0): [750], (4.0, 27.9): [63], (4.0, 29.125): [171], (4.0, 31.275): [850], (4.0, 39.0): [618], (4.0, 81.8583): [445], (5.0, 12.475): [777], (5.0, 19.2583): [448], (5.0, 27.75): [58], (5.0, 31.3875): [233], (6.0, 12.475): [751], (6.0, 31.275): [813], (6.0, 33.0): [720], (7.0, 26.25): [535], (7.0, 29.125): [278], (7.0, 39.6875): [50], (8.0, 21.075): [24], (8.0, 26.25): [237], (8.0, 29.125): [787], (8.0, 36.75): [549], (9.0, 15.2458): [852], (9.0, 15.9): [489], (9.0, 20.525): [165], (9.0, 27.9): [634], (9.0, 31.275): [541], (9.0, 31.3875): [182], (9.0, 34.375): [147], (9.0, 46.9): [480], (10.0, 24.15): [419], (10.0, 27.9): [819], (11.0, 18.7875): [731], (11.0, 31.275): [542], (11.0, 46.9): [59], (11.0, 120.0): [802], (12.0, 11.2417): [125], (13.0, 7.2292): [780], (13.0, 19.5): [446], (14.0, 7.8542): [14], (14.0, 11.2417): [39], (14.0, 30.0708): [9], (14.0, 39.6875): [686], (14.0, 46.9): [683], (14.0, 120.0): [435], (14.5, 14.4542): [111], (15.0, 7.225): [875], (15.0, 7.2292): [352], (15.0, 8.0292): [22], (15.0, 14.4542): [830], (15.0, 211.3375): [689], (16.0, 7.7333): [156], (16.0, 7.75): [208], (16.0, 7.775): [764], (16.0, 8.05): [220, 574], (16.0, 9.2167): [138], (16.0, 9.5): [282], (16.0, 10.5): [841], (16.0, 18.0): [333], (16.0, 20.25): [746], (16.0, 26.0): [791], (16.0, 34.375): [86], (16.0, 39.4): [853], (16.0, 39.6875): [266], (16.0, 46.9): [71], (16.0, 57.9792): [329], (16.0, 86.5): [504], (17.0, 7.0542): [721], (17.0, 7.125): [433], ...}
INFO:root:    A    B     C
1  10  100  1000
3  20  200  2000
5  30  300  3000
7  40  400  4000
INFO:root:60
INFO:root:       Text  Word_Count
0     Anmol           5
1    Khushi           6
2  Akanksha           8
INFO:root:6
INFO:root:(3, 2)
INFO:root:               Email User_name
0   anmol@domain.com     anmol
1  khushi@domain.com    khushi
2    ansh@domain.com      ansh
INFO:root:   A  B  C
1  8  2  7
2  6  9  4
4  9  1  2
INFO:root:A    4.466667
dtype: float64
INFO:root:A    4.0
dtype: float64
INFO:root:(4.466666666666667, 4.0, 2.799659843283687)
INFO:root:         Date  Sales  MovingAverage
0  2023-08-01    699     699.000000
1  2023-08-02    112     405.500000
2  2023-08-03    967     592.666667
3  2023-08-04    253     507.750000
4  2023-08-05    324     471.000000
5  2023-08-06    266     436.833333
6  2023-08-07    955     510.857143
7  2023-08-08    961     548.285714
8  2023-08-09    233     565.571429
9  2023-08-10    688     525.714286
10 2023-08-11    523     564.285714
11 2023-08-12    591     602.428571
12 2023-08-13    219     595.714286
13 2023-08-14    793     572.571429
14 2023-08-15    748     542.142857
15 2023-08-16    167     532.714286
16 2023-08-17    976     573.857143
17 2023-08-18    297     541.571429
18 2023-08-19    980     597.142857
19 2023-08-20    629     655.714286
INFO:root:        Date    Weekday
0 2023-01-01     Sunday
1 2023-01-02     Monday
2 2023-01-03    Tuesday
3 2023-01-04  Wednesday
4 2023-01-05   Thursday
INFO:root:                 Date
0 2023-01-05 10:00:00
1 2023-01-15 14:30:00
